<?xml version="1.0" encoding="UTF-8"?>
<coverage generated="1738718671773" clover="3.2.0">
  <project timestamp="1738718671774" name="All files">
    <metrics statements="41" coveredstatements="41" conditionals="30" coveredconditionals="26" methods="23" coveredmethods="14" elements="94" coveredelements="81" complexity="0" loc="41" ncloc="41" packages="1" files="5" classes="5"/>
    <file name="01_return.js" path="/home/jaquez/Basic_JS_Exercises/practice/01_return.js">
      <metrics statements="6" coveredstatements="6" conditionals="0" coveredconditionals="0" methods="5" coveredmethods="5"/>
      <line num="6" count="1" type="stmt"/>
      <line num="13" count="2" type="stmt"/>
      <line num="20" count="2" type="stmt"/>
      <line num="27" count="2" type="stmt"/>
      <line num="34" count="2" type="stmt"/>
      <line num="38" count="1" type="stmt"/>
    </file>
    <file name="02_function_parameters.js" path="/home/jaquez/Basic_JS_Exercises/practice/02_function_parameters.js">
      <metrics statements="5" coveredstatements="5" conditionals="0" coveredconditionals="0" methods="4" coveredmethods="4"/>
      <line num="5" count="3" type="stmt"/>
      <line num="11" count="3" type="stmt"/>
      <line num="17" count="2" type="stmt"/>
      <line num="23" count="2" type="stmt"/>
      <line num="28" count="1" type="stmt"/>
    </file>
    <file name="03_if_statements.js" path="/home/jaquez/Basic_JS_Exercises/practice/03_if_statements.js">
      <metrics statements="23" coveredstatements="23" conditionals="30" coveredconditionals="26" methods="4" coveredmethods="4"/>
      <line num="11" count="4" type="cond" truecount="2" falsecount="0"/>
      <line num="12" count="2" type="stmt"/>
      <line num="13" count="2" type="cond" truecount="1" falsecount="1"/>
      <line num="14" count="2" type="stmt"/>
      <line num="24" count="4" type="cond" truecount="2" falsecount="0"/>
      <line num="25" count="2" type="stmt"/>
      <line num="26" count="2" type="cond" truecount="1" falsecount="1"/>
      <line num="27" count="2" type="stmt"/>
      <line num="40" count="8" type="cond" truecount="2" falsecount="0"/>
      <line num="41" count="2" type="stmt"/>
      <line num="42" count="6" type="cond" truecount="2" falsecount="0"/>
      <line num="43" count="1" type="stmt"/>
      <line num="44" count="5" type="cond" truecount="4" falsecount="0"/>
      <line num="45" count="2" type="stmt"/>
      <line num="46" count="3" type="cond" truecount="1" falsecount="1"/>
      <line num="47" count="3" type="stmt"/>
      <line num="57" count="7" type="cond" truecount="6" falsecount="0"/>
      <line num="58" count="4" type="stmt"/>
      <line num="59" count="3" type="cond" truecount="2" falsecount="0"/>
      <line num="60" count="1" type="stmt"/>
      <line num="61" count="2" type="cond" truecount="3" falsecount="1"/>
      <line num="62" count="2" type="stmt"/>
      <line num="69" count="1" type="stmt"/>
    </file>
    <file name="04_variables.js" path="/home/jaquez/Basic_JS_Exercises/practice/04_variables.js">
      <metrics statements="6" coveredstatements="6" conditionals="0" coveredconditionals="0" methods="1" coveredmethods="1"/>
      <line num="2" count="1" type="stmt"/>
      <line num="8" count="1" type="stmt"/>
      <line num="18" count="1" type="stmt"/>
      <line num="19" count="1" type="stmt"/>
      <line num="31" count="1" type="stmt"/>
      <line num="44" count="1" type="stmt"/>
    </file>
    <file name="05_arrays_and_loops.js" path="/home/jaquez/Basic_JS_Exercises/practice/05_arrays_and_loops.js">
      <metrics statements="1" coveredstatements="1" conditionals="0" coveredconditionals="0" methods="9" coveredmethods="0"/>
      <line num="76" count="1" type="stmt"/>
    </file>
  </project>
</coverage>
