{"/home/jaquez/Basic_JS_Exercises/practice/01_return.js": {"path":"/home/jaquez/Basic_JS_Exercises/practice/01_return.js","statementMap":{"0":{"start":{"line":6,"column":4},"end":{"line":6,"column":24}},"1":{"start":{"line":13,"column":4},"end":{"line":13,"column":16}},"2":{"start":{"line":20,"column":4},"end":{"line":20,"column":26}},"3":{"start":{"line":27,"column":4},"end":{"line":27,"column":16}},"4":{"start":{"line":34,"column":4},"end":{"line":34,"column":16}},"5":{"start":{"line":38,"column":0},"end":{"line":38,"column":57}}},"fnMap":{"0":{"name":"hello","decl":{"start":{"line":4,"column":9},"end":{"line":4,"column":14}},"loc":{"start":{"line":4,"column":16},"end":{"line":7,"column":1}},"line":4},"1":{"name":"sum","decl":{"start":{"line":11,"column":9},"end":{"line":11,"column":12}},"loc":{"start":{"line":11,"column":18},"end":{"line":14,"column":1}},"line":11},"2":{"name":"helloPerson","decl":{"start":{"line":18,"column":9},"end":{"line":18,"column":20}},"loc":{"start":{"line":18,"column":26},"end":{"line":21,"column":1}},"line":18},"3":{"name":"minus","decl":{"start":{"line":25,"column":9},"end":{"line":25,"column":14}},"loc":{"start":{"line":25,"column":20},"end":{"line":28,"column":1}},"line":25},"4":{"name":"divide","decl":{"start":{"line":32,"column":9},"end":{"line":32,"column":15}},"loc":{"start":{"line":32,"column":21},"end":{"line":35,"column":1}},"line":32}},"branchMap":{},"s":{"0":1,"1":2,"2":2,"3":2,"4":2,"5":1},"f":{"0":1,"1":2,"2":2,"3":2,"4":2},"b":{},"_coverageSchema":"1a1c01bbd47fc00a2c39e90264f33305004495a9","hash":"e532b87ecc44ba2b9b67df58b8a99607cce0e749"}
,"/home/jaquez/Basic_JS_Exercises/practice/02_function_parameters.js": {"path":"/home/jaquez/Basic_JS_Exercises/practice/02_function_parameters.js","statementMap":{"0":{"start":{"line":5,"column":4},"end":{"line":5,"column":18}},"1":{"start":{"line":11,"column":4},"end":{"line":11,"column":17}},"2":{"start":{"line":17,"column":4},"end":{"line":17,"column":30}},"3":{"start":{"line":23,"column":4},"end":{"line":23,"column":18}},"4":{"start":{"line":28,"column":0},"end":{"line":28,"column":49}}},"fnMap":{"0":{"name":"double","decl":{"start":{"line":4,"column":9},"end":{"line":4,"column":15}},"loc":{"start":{"line":4,"column":20},"end":{"line":6,"column":1}},"line":4},"1":{"name":"multiply","decl":{"start":{"line":10,"column":9},"end":{"line":10,"column":17}},"loc":{"start":{"line":10,"column":23},"end":{"line":12,"column":1}},"line":10},"2":{"name":"shout","decl":{"start":{"line":16,"column":9},"end":{"line":16,"column":14}},"loc":{"start":{"line":16,"column":20},"end":{"line":18,"column":1}},"line":16},"3":{"name":"first","decl":{"start":{"line":22,"column":9},"end":{"line":22,"column":14}},"loc":{"start":{"line":22,"column":19},"end":{"line":24,"column":1}},"line":22}},"branchMap":{},"s":{"0":3,"1":3,"2":2,"3":2,"4":1},"f":{"0":3,"1":3,"2":2,"3":2},"b":{},"_coverageSchema":"1a1c01bbd47fc00a2c39e90264f33305004495a9","hash":"2bac058957e03f6b9a731b1ad854d8b484e1434d"}
,"/home/jaquez/Basic_JS_Exercises/practice/03_if_statements.js": {"path":"/home/jaquez/Basic_JS_Exercises/practice/03_if_statements.js","statementMap":{"0":{"start":{"line":11,"column":9},"end":{"line":14,"column":26}},"1":{"start":{"line":12,"column":12},"end":{"line":12,"column":25}},"2":{"start":{"line":13,"column":13},"end":{"line":14,"column":26}},"3":{"start":{"line":14,"column":12},"end":{"line":14,"column":26}},"4":{"start":{"line":24,"column":9},"end":{"line":27,"column":31}},"5":{"start":{"line":25,"column":12},"end":{"line":25,"column":29}},"6":{"start":{"line":26,"column":13},"end":{"line":27,"column":31}},"7":{"start":{"line":27,"column":12},"end":{"line":27,"column":31}},"8":{"start":{"line":40,"column":9},"end":{"line":47,"column":38}},"9":{"start":{"line":41,"column":13},"end":{"line":41,"column":32}},"10":{"start":{"line":42,"column":13},"end":{"line":47,"column":38}},"11":{"start":{"line":43,"column":11},"end":{"line":43,"column":35}},"12":{"start":{"line":44,"column":12},"end":{"line":47,"column":38}},"13":{"start":{"line":45,"column":12},"end":{"line":45,"column":42}},"14":{"start":{"line":46,"column":12},"end":{"line":47,"column":38}},"15":{"start":{"line":47,"column":12},"end":{"line":47,"column":38}},"16":{"start":{"line":57,"column":4},"end":{"line":58,"column":24}},"17":{"start":{"line":58,"column":8},"end":{"line":58,"column":24}},"18":{"start":{"line":59,"column":9},"end":{"line":60,"column":32}},"19":{"start":{"line":60,"column":9},"end":{"line":60,"column":32}},"20":{"start":{"line":61,"column":8},"end":{"line":62,"column":25}},"21":{"start":{"line":62,"column":9},"end":{"line":62,"column":25}},"22":{"start":{"line":69,"column":0},"end":{"line":69,"column":52}}},"fnMap":{"0":{"name":"canDrink","decl":{"start":{"line":7,"column":9},"end":{"line":7,"column":17}},"loc":{"start":{"line":7,"column":22},"end":{"line":16,"column":1}},"line":7},"1":{"name":"canVote","decl":{"start":{"line":21,"column":9},"end":{"line":21,"column":16}},"loc":{"start":{"line":21,"column":21},"end":{"line":30,"column":1}},"line":21},"2":{"name":"canDrive","decl":{"start":{"line":37,"column":9},"end":{"line":37,"column":17}},"loc":{"start":{"line":37,"column":22},"end":{"line":49,"column":1}},"line":37},"3":{"name":"week","decl":{"start":{"line":55,"column":9},"end":{"line":55,"column":13}},"loc":{"start":{"line":55,"column":18},"end":{"line":63,"column":1}},"line":55}},"branchMap":{"0":{"loc":{"start":{"line":11,"column":9},"end":{"line":14,"column":26}},"type":"if","locations":[{"start":{"line":11,"column":9},"end":{"line":14,"column":26}},{"start":{"line":13,"column":13},"end":{"line":14,"column":26}}],"line":11},"1":{"loc":{"start":{"line":13,"column":13},"end":{"line":14,"column":26}},"type":"if","locations":[{"start":{"line":13,"column":13},"end":{"line":14,"column":26}},{"start":{},"end":{}}],"line":13},"2":{"loc":{"start":{"line":24,"column":9},"end":{"line":27,"column":31}},"type":"if","locations":[{"start":{"line":24,"column":9},"end":{"line":27,"column":31}},{"start":{"line":26,"column":13},"end":{"line":27,"column":31}}],"line":24},"3":{"loc":{"start":{"line":26,"column":13},"end":{"line":27,"column":31}},"type":"if","locations":[{"start":{"line":26,"column":13},"end":{"line":27,"column":31}},{"start":{},"end":{}}],"line":26},"4":{"loc":{"start":{"line":40,"column":9},"end":{"line":47,"column":38}},"type":"if","locations":[{"start":{"line":40,"column":9},"end":{"line":47,"column":38}},{"start":{"line":42,"column":13},"end":{"line":47,"column":38}}],"line":40},"5":{"loc":{"start":{"line":42,"column":13},"end":{"line":47,"column":38}},"type":"if","locations":[{"start":{"line":42,"column":13},"end":{"line":47,"column":38}},{"start":{"line":44,"column":12},"end":{"line":47,"column":38}}],"line":42},"6":{"loc":{"start":{"line":44,"column":12},"end":{"line":47,"column":38}},"type":"if","locations":[{"start":{"line":44,"column":12},"end":{"line":47,"column":38}},{"start":{"line":46,"column":12},"end":{"line":47,"column":38}}],"line":44},"7":{"loc":{"start":{"line":44,"column":16},"end":{"line":44,"column":38}},"type":"binary-expr","locations":[{"start":{"line":44,"column":16},"end":{"line":44,"column":25}},{"start":{"line":44,"column":29},"end":{"line":44,"column":38}}],"line":44},"8":{"loc":{"start":{"line":46,"column":12},"end":{"line":47,"column":38}},"type":"if","locations":[{"start":{"line":46,"column":12},"end":{"line":47,"column":38}},{"start":{},"end":{}}],"line":46},"9":{"loc":{"start":{"line":57,"column":4},"end":{"line":58,"column":24}},"type":"if","locations":[{"start":{"line":57,"column":4},"end":{"line":58,"column":24}},{"start":{},"end":{}}],"line":57},"10":{"loc":{"start":{"line":57,"column":8},"end":{"line":57,"column":86}},"type":"binary-expr","locations":[{"start":{"line":57,"column":8},"end":{"line":57,"column":23}},{"start":{"line":57,"column":27},"end":{"line":57,"column":43}},{"start":{"line":57,"column":47},"end":{"line":57,"column":65}},{"start":{"line":57,"column":69},"end":{"line":57,"column":86}}],"line":57},"11":{"loc":{"start":{"line":59,"column":9},"end":{"line":60,"column":32}},"type":"if","locations":[{"start":{"line":59,"column":9},"end":{"line":60,"column":32}},{"start":{},"end":{}}],"line":59},"12":{"loc":{"start":{"line":61,"column":8},"end":{"line":62,"column":25}},"type":"if","locations":[{"start":{"line":61,"column":8},"end":{"line":62,"column":25}},{"start":{},"end":{}}],"line":61},"13":{"loc":{"start":{"line":61,"column":12},"end":{"line":61,"column":48}},"type":"binary-expr","locations":[{"start":{"line":61,"column":12},"end":{"line":61,"column":29}},{"start":{"line":61,"column":33},"end":{"line":61,"column":48}}],"line":61}},"s":{"0":4,"1":2,"2":2,"3":2,"4":4,"5":2,"6":2,"7":2,"8":8,"9":2,"10":6,"11":1,"12":5,"13":2,"14":3,"15":3,"16":7,"17":4,"18":3,"19":1,"20":2,"21":2,"22":1},"f":{"0":4,"1":4,"2":8,"3":7},"b":{"0":[2,2],"1":[2,0],"2":[2,2],"3":[2,0],"4":[2,6],"5":[1,5],"6":[2,3],"7":[5,4],"8":[3,0],"9":[4,3],"10":[7,6,5,4],"11":[1,2],"12":[2,0],"13":[2,1]},"_coverageSchema":"1a1c01bbd47fc00a2c39e90264f33305004495a9","hash":"66db493ee45e7b621fc2b5c4f173008442edb729"}
,"/home/jaquez/Basic_JS_Exercises/practice/04_variables.js": {"path":"/home/jaquez/Basic_JS_Exercises/practice/04_variables.js","statementMap":{"0":{"start":{"line":2,"column":13},"end":{"line":2,"column":14}},"1":{"start":{"line":8,"column":0},"end":{"line":8,"column":11}},"2":{"start":{"line":18,"column":17},"end":{"line":18,"column":23}},"3":{"start":{"line":19,"column":4},"end":{"line":19,"column":15}},"4":{"start":{"line":31,"column":16},"end":{"line":31,"column":27}},"5":{"start":{"line":44,"column":0},"end":{"line":44,"column":45}}},"fnMap":{"0":{"name":"getName","decl":{"start":{"line":16,"column":9},"end":{"line":16,"column":16}},"loc":{"start":{"line":16,"column":18},"end":{"line":20,"column":1}},"line":16}},"branchMap":{},"s":{"0":1,"1":1,"2":1,"3":1,"4":1,"5":1},"f":{"0":1},"b":{},"_coverageSchema":"1a1c01bbd47fc00a2c39e90264f33305004495a9","hash":"a9416e0076a8ed102bbec2fa7f2efa88574611e2"}
,"/home/jaquez/Basic_JS_Exercises/practice/05_arrays_and_loops.js": {"path":"/home/jaquez/Basic_JS_Exercises/practice/05_arrays_and_loops.js","statementMap":{"0":{"start":{"line":76,"column":0},"end":{"line":76,"column":135}}},"fnMap":{"0":{"name":"first","decl":{"start":{"line":6,"column":9},"end":{"line":6,"column":14}},"loc":{"start":{"line":6,"column":19},"end":{"line":9,"column":1}},"line":6},"1":{"name":"howMany","decl":{"start":{"line":14,"column":9},"end":{"line":14,"column":16}},"loc":{"start":{"line":14,"column":21},"end":{"line":17,"column":1}},"line":14},"2":{"name":"last","decl":{"start":{"line":23,"column":9},"end":{"line":23,"column":13}},"loc":{"start":{"line":23,"column":18},"end":{"line":26,"column":1}},"line":23},"3":{"name":"forLoopSum","decl":{"start":{"line":31,"column":9},"end":{"line":31,"column":19}},"loc":{"start":{"line":31,"column":24},"end":{"line":34,"column":1}},"line":31},"4":{"name":"forLoopHighest","decl":{"start":{"line":39,"column":9},"end":{"line":39,"column":23}},"loc":{"start":{"line":39,"column":28},"end":{"line":42,"column":1}},"line":39},"5":{"name":"forEachLoopSum","decl":{"start":{"line":47,"column":9},"end":{"line":47,"column":23}},"loc":{"start":{"line":47,"column":28},"end":{"line":50,"column":1}},"line":47},"6":{"name":"forEachLoopHighest","decl":{"start":{"line":55,"column":9},"end":{"line":55,"column":27}},"loc":{"start":{"line":55,"column":32},"end":{"line":58,"column":1}},"line":55},"7":{"name":"whileLoopSum","decl":{"start":{"line":63,"column":9},"end":{"line":63,"column":21}},"loc":{"start":{"line":63,"column":27},"end":{"line":66,"column":1}},"line":63},"8":{"name":"whileLoopHighest","decl":{"start":{"line":71,"column":9},"end":{"line":71,"column":25}},"loc":{"start":{"line":71,"column":30},"end":{"line":73,"column":1}},"line":71}},"branchMap":{},"s":{"0":1},"f":{"0":0,"1":0,"2":0,"3":0,"4":0,"5":0,"6":0,"7":0,"8":0},"b":{},"_coverageSchema":"1a1c01bbd47fc00a2c39e90264f33305004495a9","hash":"2005b3d410ad2e54950bd5093838b035096e2a13"}
}
