TN:
SF:practice/01_return.js
FN:4,hello
FN:11,sum
FN:18,helloPerson
FN:25,minus
FN:32,divide
FNF:5
FNH:5
FNDA:1,hello
FNDA:2,sum
FNDA:2,helloPerson
FNDA:2,minus
FNDA:2,divide
DA:6,1
DA:13,2
DA:20,2
DA:27,2
DA:34,2
DA:38,1
LF:6
LH:6
BRF:0
BRH:0
end_of_record
TN:
SF:practice/02_function_parameters.js
FN:4,double
FN:10,multiply
FN:16,shout
FN:22,first
FNF:4
FNH:4
FNDA:3,double
FNDA:3,multiply
FNDA:2,shout
FNDA:2,first
DA:5,3
DA:11,3
DA:17,2
DA:23,2
DA:28,1
LF:5
LH:5
BRF:0
BRH:0
end_of_record
TN:
SF:practice/03_if_statements.js
FN:7,canDrink
FN:21,canVote
FN:37,canDrive
FN:55,week
FNF:4
FNH:4
FNDA:4,canDrink
FNDA:4,canVote
FNDA:8,canDrive
FNDA:7,week
DA:11,4
DA:12,2
DA:13,2
DA:14,2
DA:24,4
DA:25,2
DA:26,2
DA:27,2
DA:40,8
DA:41,2
DA:42,6
DA:43,1
DA:44,5
DA:45,2
DA:46,3
DA:47,3
DA:57,7
DA:58,4
DA:59,3
DA:60,1
DA:61,2
DA:62,2
DA:69,1
LF:23
LH:23
BRDA:11,0,0,2
BRDA:11,0,1,2
BRDA:13,1,0,2
BRDA:13,1,1,0
BRDA:24,2,0,2
BRDA:24,2,1,2
BRDA:26,3,0,2
BRDA:26,3,1,0
BRDA:40,4,0,2
BRDA:40,4,1,6
BRDA:42,5,0,1
BRDA:42,5,1,5
BRDA:44,6,0,2
BRDA:44,6,1,3
BRDA:44,7,0,5
BRDA:44,7,1,4
BRDA:46,8,0,3
BRDA:46,8,1,0
BRDA:57,9,0,4
BRDA:57,9,1,3
BRDA:57,10,0,7
BRDA:57,10,1,6
BRDA:57,10,2,5
BRDA:57,10,3,4
BRDA:59,11,0,1
BRDA:59,11,1,2
BRDA:61,12,0,2
BRDA:61,12,1,0
BRDA:61,13,0,2
BRDA:61,13,1,1
BRF:30
BRH:26
end_of_record
TN:
SF:practice/04_variables.js
FN:16,getName
FNF:1
FNH:1
FNDA:1,getName
DA:2,1
DA:8,1
DA:18,1
DA:19,1
DA:31,1
DA:44,1
LF:6
LH:6
BRF:0
BRH:0
end_of_record
TN:
SF:practice/05_arrays_and_loops.js
FN:6,first
FN:14,howMany
FN:23,last
FN:31,forLoopSum
FN:39,forLoopHighest
FN:47,forEachLoopSum
FN:55,forEachLoopHighest
FN:63,whileLoopSum
FN:71,whileLoopHighest
FNF:9
FNH:0
FNDA:0,first
FNDA:0,howMany
FNDA:0,last
FNDA:0,forLoopSum
FNDA:0,forLoopHighest
FNDA:0,forEachLoopSum
FNDA:0,forEachLoopHighest
FNDA:0,whileLoopSum
FNDA:0,whileLoopHighest
DA:76,1
LF:1
LH:1
BRF:0
BRH:0
end_of_record
